Jun-25 17:26:55.685 [main] DEBUG nextflow.cli.Launcher - $> nextflow -c ./nextflow.config run ./workflows/assembly_checker.nf --csvFile busco_run_list.txt
Jun-25 17:26:55.891 [main] INFO  nextflow.cli.CmdRun - N E X T F L O W  ~  version 21.10.5
Jun-25 17:26:55.990 [main] INFO  nextflow.cli.CmdRun - Pulling ./workflows ...
Jun-25 17:26:55.991 [main] DEBUG nextflow.scm.RepositoryProvider - Request [credentials -:-] -> https://api.github.com/repos/./workflows/contents/assembly_checker.nf
Jun-25 17:26:57.067 [main] DEBUG nextflow.scm.RepositoryProvider - Response status: 404 -- {"message":"Not Found","documentation_url":"https://docs.github.com/rest/reference/repos#get-repository-content"}
Jun-25 17:26:57.071 [main] DEBUG nextflow.cli.Launcher - Operation aborted
nextflow.exception.AbortOperationException: Remote resource not found: https://api.github.com/repos/./workflows/contents/assembly_checker.nf
	at nextflow.scm.RepositoryProvider.checkResponse(RepositoryProvider.groovy:187)
	at nextflow.scm.RepositoryProvider.invoke(RepositoryProvider.groovy:136)
	at nextflow.scm.RepositoryProvider.memoizedMethodPriv$invokeAndParseResponseString(RepositoryProvider.groovy:218)
	at java.base/jdk.internal.reflect.NativeMethodAccessorImpl.invoke0(Native Method)
	at java.base/jdk.internal.reflect.NativeMethodAccessorImpl.invoke(NativeMethodAccessorImpl.java:64)
	at java.base/jdk.internal.reflect.DelegatingMethodAccessorImpl.invoke(DelegatingMethodAccessorImpl.java:43)
	at java.base/java.lang.reflect.Method.invoke(Method.java:564)
	at org.codehaus.groovy.reflection.CachedMethod.invoke(CachedMethod.java:107)
	at groovy.lang.MetaMethod.doMethodInvoke(MetaMethod.java:323)
	at groovy.lang.MetaClassImpl.invokeMethod(MetaClassImpl.java:1268)
	at groovy.lang.MetaClassImpl.invokeMethod(MetaClassImpl.java:1035)
	at org.codehaus.groovy.runtime.InvokerHelper.invokePogoMethod(InvokerHelper.java:1029)
	at org.codehaus.groovy.runtime.InvokerHelper.invokeMethod(InvokerHelper.java:1012)
	at org.codehaus.groovy.runtime.InvokerHelper.invokeMethodSafe(InvokerHelper.java:101)
	at nextflow.scm.RepositoryProvider$_closure2.doCall(RepositoryProvider.groovy)
	at java.base/jdk.internal.reflect.NativeMethodAccessorImpl.invoke0(Native Method)
	at java.base/jdk.internal.reflect.NativeMethodAccessorImpl.invoke(NativeMethodAccessorImpl.java:64)
	at java.base/jdk.internal.reflect.DelegatingMethodAccessorImpl.invoke(DelegatingMethodAccessorImpl.java:43)
	at java.base/java.lang.reflect.Method.invoke(Method.java:564)
	at org.codehaus.groovy.reflection.CachedMethod.invoke(CachedMethod.java:107)
	at groovy.lang.MetaMethod.doMethodInvoke(MetaMethod.java:323)
	at org.codehaus.groovy.runtime.metaclass.ClosureMetaClass.invokeMethod(ClosureMetaClass.java:274)
	at groovy.lang.MetaClassImpl.invokeMethod(MetaClassImpl.java:1035)
	at groovy.lang.Closure.call(Closure.java:412)
	at org.codehaus.groovy.runtime.memoize.Memoize$MemoizeFunction.lambda$call$0(Memoize.java:137)
	at org.codehaus.groovy.runtime.memoize.ConcurrentCommonCache.getAndPut(ConcurrentCommonCache.java:137)
	at org.codehaus.groovy.runtime.memoize.ConcurrentCommonCache.getAndPut(ConcurrentCommonCache.java:113)
	at org.codehaus.groovy.runtime.memoize.Memoize$MemoizeFunction.call(Memoize.java:136)
	at groovy.lang.Closure.call(Closure.java:428)
	at nextflow.scm.RepositoryProvider.invokeAndParseResponse(RepositoryProvider.groovy)
	at nextflow.scm.GithubRepositoryProvider.readBytes(GithubRepositoryProvider.groovy:100)
	at nextflow.scm.RepositoryProvider.validateFor(RepositoryProvider.groovy:246)
	at nextflow.scm.AssetManager.checkValidRemoteRepo(AssetManager.groovy:383)
	at nextflow.scm.AssetManager.download(AssetManager.groovy:591)
	at nextflow.scm.AssetManager.download(AssetManager.groovy)
	at nextflow.cli.CmdRun.getScriptFile(CmdRun.groovy:374)
	at nextflow.cli.CmdRun.run(CmdRun.groovy:264)
	at nextflow.cli.Launcher.run(Launcher.groovy:480)
	at nextflow.cli.Launcher.main(Launcher.groovy:639)
